{
  "RSpec": {
    "coverage": {
      "/home/oplindst/matrix/app/models/user.rb": [
        1,
        null,
        1,
        null,
        1,
        null,
        1,
        1,
        1,
        null,
        1,
        1,
        0,
        null,
        1,
        1,
        null,
        0,
        0,
        null,
        null,
        null,
        null,
        1,
        0,
        0,
        0,
        null,
        null
      ],
      "/home/oplindst/matrix/app/models/player.rb": [
        1,
        1,
        1,
        null,
        1,
        8,
        8,
        null,
        null,
        1,
        34,
        null,
        null
      ],
      "/home/oplindst/matrix/app/helpers/application_helper.rb": [
        1,
        null
      ],
      "/home/oplindst/matrix/app/helpers/events_helper.rb": [
        1,
        null
      ],
      "/home/oplindst/matrix/app/helpers/hands_helper.rb": [
        1,
        null
      ],
      "/home/oplindst/matrix/app/helpers/matches_helper.rb": [
        1,
        null
      ],
      "/home/oplindst/matrix/app/helpers/players_helper.rb": [
        1,
        null
      ],
      "/home/oplindst/matrix/app/helpers/signups_helper.rb": [
        1,
        null
      ],
      "/home/oplindst/matrix/app/helpers/users_helper.rb": [
        1,
        null
      ],
      "/home/oplindst/matrix/app/controllers/events_controller.rb": [
        1,
        1,
        null,
        null,
        null,
        1,
        1,
        null,
        null,
        null,
        null,
        1,
        0,
        0,
        0,
        0,
        null,
        null,
        0,
        null,
        null,
        null,
        1,
        1,
        null,
        null,
        null,
        1,
        null,
        null,
        null,
        null,
        1,
        0,
        null,
        0,
        0,
        0,
        0,
        null,
        0,
        0,
        null,
        null,
        null,
        null,
        null,
        null,
        1,
        0,
        0,
        0,
        0,
        null,
        0,
        0,
        null,
        null,
        null,
        null,
        null,
        null,
        1,
        0,
        0,
        0,
        0,
        null,
        null,
        null,
        1,
        null,
        1,
        0,
        0,
        null,
        null,
        null,
        null,
        1,
        0,
        null,
        null
      ],
      "/home/oplindst/matrix/app/controllers/application_controller.rb": [
        1,
        null,
        null,
        1,
        null,
        1,
        1,
        null,
        1,
        364,
        354,
        null,
        null,
        1,
        77,
        76,
        null,
        null,
        1,
        6,
        null,
        null,
        1,
        23,
        null,
        null,
        null
      ],
      "/home/oplindst/matrix/app/controllers/hands_controller.rb": [
        1,
        1,
        1,
        null,
        null,
        null,
        1,
        1,
        null,
        null,
        null,
        null,
        1,
        null,
        null,
        null,
        1,
        1,
        null,
        null,
        null,
        1,
        null,
        null,
        null,
        null,
        1,
        0,
        null,
        0,
        0,
        0,
        0,
        null,
        0,
        0,
        null,
        null,
        null,
        null,
        null,
        null,
        1,
        0,
        0,
        0,
        0,
        null,
        0,
        0,
        null,
        null,
        null,
        null,
        null,
        null,
        1,
        0,
        0,
        0,
        0,
        null,
        null,
        null,
        1,
        null,
        1,
        0,
        null,
        null,
        null,
        1,
        0,
        null,
        null
      ],
      "/home/oplindst/matrix/app/controllers/matches_controller.rb": [
        1,
        1,
        1,
        null,
        null,
        null,
        1,
        1,
        null,
        null,
        1,
        0,
        0,
        0,
        null,
        null,
        null,
        null,
        1,
        2,
        2,
        2,
        null,
        null,
        null,
        1,
        11,
        3,
        null,
        null,
        null,
        1,
        0,
        null,
        null,
        null,
        null,
        1,
        4,
        null,
        4,
        4,
        3,
        1,
        2,
        1,
        null,
        4,
        2,
        null,
        null,
        2,
        1,
        null,
        null,
        null,
        null,
        null,
        null,
        1,
        0,
        0,
        0,
        0,
        null,
        0,
        0,
        null,
        null,
        null,
        null,
        1,
        2,
        2,
        2,
        2,
        2,
        2,
        0,
        null,
        null,
        2,
        2,
        3,
        3,
        3,
        3,
        3,
        0,
        0,
        0,
        null,
        0,
        0,
        0,
        null,
        null,
        null,
        3,
        3,
        0,
        0,
        null,
        null,
        null,
        null,
        null,
        2,
        2,
        2,
        2,
        2,
        1,
        null,
        null,
        4,
        2,
        null,
        null,
        null,
        null,
        null,
        null,
        1,
        0,
        0,
        0,
        0,
        null,
        null,
        null,
        1,
        null,
        1,
        2,
        null,
        null,
        null,
        1,
        4,
        null,
        null
      ],
      "/home/oplindst/matrix/app/controllers/players_controller.rb": [
        1,
        1,
        1,
        1,
        null,
        null,
        null,
        1,
        14,
        null,
        null,
        null,
        null,
        1,
        null,
        null,
        null,
        1,
        1,
        null,
        null,
        null,
        1,
        1,
        null,
        null,
        null,
        null,
        1,
        6,
        6,
        2,
        null,
        null,
        6,
        6,
        12,
        6,
        null,
        0,
        0,
        0,
        null,
        null,
        null,
        null,
        null,
        null,
        1,
        3,
        3,
        6,
        3,
        null,
        0,
        0,
        null,
        null,
        null,
        null,
        null,
        null,
        1,
        2,
        2,
        4,
        2,
        null,
        null,
        null,
        1,
        null,
        1,
        7,
        null,
        null,
        null,
        1,
        9,
        null,
        null,
        1,
        14,
        14,
        50,
        14,
        14,
        0,
        0,
        0,
        50,
        null,
        14,
        14,
        null,
        null
      ],
      "/home/oplindst/matrix/app/controllers/signups_controller.rb": [
        1,
        1,
        1,
        null,
        null,
        null,
        1,
        1,
        null,
        null,
        null,
        null,
        1,
        0,
        0,
        null,
        null,
        null,
        1,
        1,
        null,
        null,
        null,
        1,
        null,
        null,
        null,
        null,
        1,
        0,
        null,
        0,
        0,
        0,
        0,
        null,
        0,
        0,
        null,
        null,
        null,
        null,
        null,
        null,
        1,
        0,
        0,
        0,
        0,
        null,
        0,
        0,
        null,
        null,
        null,
        null,
        null,
        null,
        1,
        0,
        0,
        0,
        0,
        0,
        null,
        null,
        null,
        1,
        null,
        1,
        0,
        0,
        null,
        null,
        null,
        1,
        0,
        0,
        null,
        null,
        null,
        null,
        1,
        0,
        null,
        null
      ],
      "/home/oplindst/matrix/app/controllers/users_controller.rb": [
        1,
        1,
        1,
        1,
        null,
        null,
        null,
        1,
        1,
        null,
        null,
        null,
        null,
        1,
        7,
        null,
        null,
        null,
        1,
        1,
        null,
        null,
        null,
        1,
        null,
        null,
        null,
        null,
        1,
        0,
        null,
        0,
        0,
        0,
        0,
        null,
        0,
        0,
        null,
        null,
        null,
        null,
        null,
        null,
        1,
        0,
        0,
        0,
        0,
        null,
        0,
        0,
        null,
        null,
        null,
        null,
        null,
        null,
        1,
        0,
        0,
        0,
        0,
        null,
        null,
        null,
        1,
        null,
        1,
        7,
        null,
        null,
        1,
        7,
        0,
        null,
        null,
        null,
        null,
        1,
        0,
        null,
        null
      ],
      "/home/oplindst/matrix/app/models/event.rb": [
        1,
        1,
        1,
        null,
        1,
        0,
        0,
        null,
        0,
        null,
        null,
        1,
        0,
        null,
        null,
        1,
        0,
        0,
        0,
        null,
        null,
        1,
        0,
        0,
        0,
        null,
        null,
        0,
        null,
        null,
        1,
        0,
        null,
        null,
        1,
        0,
        null,
        null
      ],
      "/home/oplindst/matrix/app/models/hand.rb": [
        1,
        1,
        null,
        1,
        0,
        0,
        0,
        null,
        null
      ],
      "/home/oplindst/matrix/app/models/match.rb": [
        1,
        1,
        null,
        1,
        null,
        1,
        null,
        1,
        8,
        null,
        null,
        1,
        8,
        null,
        null,
        1,
        8,
        null,
        null,
        1,
        8,
        null,
        null,
        1,
        0,
        null,
        null,
        1,
        0,
        null,
        null,
        null,
        null,
        1,
        2,
        2,
        null,
        null,
        1,
        2,
        null,
        null,
        1,
        2,
        0,
        0,
        2,
        null,
        null,
        null,
        1,
        2,
        2,
        2,
        2,
        2,
        2,
        2,
        2,
        2,
        2,
        2,
        2,
        2,
        2,
        2,
        2,
        2,
        2,
        2,
        2,
        2,
        2,
        2,
        2,
        null,
        2,
        2,
        2,
        2,
        null,
        null,
        null,
        1,
        6,
        null,
        6,
        24,
        96,
        72,
        2,
        null,
        null,
        null,
        null,
        null,
        null
      ],
      "/home/oplindst/matrix/app/models/signup.rb": [
        1,
        1,
        1,
        null
      ],
      "/home/oplindst/matrix/app/controllers/sessions_controller.rb": [
        1,
        1,
        null,
        null,
        null,
        1,
        11,
        11,
        11,
        11,
        null,
        0,
        null,
        null,
        null,
        1,
        0,
        0,
        null,
        null
      ],
      "/home/oplindst/matrix/lib/rating.rb": [
        null,
        null,
        null,
        null,
        null,
        null,
        1,
        1,
        null,
        1,
        null,
        null,
        null,
        null,
        null,
        null,
        1,
        2,
        null,
        2,
        null,
        null,
        null,
        null,
        2,
        null,
        2,
        null,
        null,
        null,
        null,
        2,
        null,
        2,
        1,
        1,
        1,
        1,
        null,
        1,
        1,
        1,
        1,
        null,
        1,
        1,
        1,
        1,
        null,
        1,
        1,
        1,
        1,
        null,
        null,
        2,
        null,
        null
      ]
    },
    "timestamp": 1430615373
  }
}
