{
  "RSpec": {
    "coverage": {
      "/home/oplindst/matrix/app/helpers/application_helper.rb": [
        1,
        null
      ],
      "/home/oplindst/matrix/app/helpers/users_helper.rb": [
        1,
        null
      ],
      "/home/oplindst/matrix/app/controllers/users_controller.rb": [
        1,
        1,
        null,
        null,
        null,
        1,
        1,
        null,
        null,
        null,
        null,
        1,
        null,
        null,
        null,
        1,
        1,
        null,
        null,
        null,
        1,
        null,
        null,
        null,
        null,
        1,
        0,
        null,
        0,
        0,
        0,
        0,
        null,
        0,
        0,
        null,
        null,
        null,
        null,
        null,
        null,
        1,
        0,
        0,
        0,
        0,
        null,
        0,
        0,
        null,
        null,
        null,
        null,
        null,
        null,
        1,
        0,
        0,
        0,
        0,
        null,
        null,
        null,
        1,
        null,
        1,
        0,
        null,
        null,
        null,
        1,
        0,
        null,
        null
      ],
      "/home/oplindst/matrix/app/controllers/application_controller.rb": [
        1,
        null,
        null,
        1,
        null
      ],
      "/home/oplindst/matrix/app/models/user.rb": [
        1,
        null
      ]
    },
    "timestamp": 1425910261
  }
}
